Info: Series:GW1N-9C Device:GW1NR-9C Package:QFN88P Speed:C6/I5

Info: Packing constants..
Info: Packing Shadow RAM..
Info: Packing GSR..
Info: Packing IOs..
Info: Packing diff IOs..
Info: Packing IO logic..
Info: Packing wide LUTs..
Info: Packing LUT5s..
Info: Packing LUT6s..
Info: Packing LUT7s..
Info: Packing LUT8s..
Info: Packing ALUs..
Info: Packing LUT-FFs..
Info: Packing non-LUT FFs..
Info: Packing PLLs..
Info: Checksum: 0x73e0a7b9

Info: Annotating ports with timing budgets for target frequency 27.00 MHz
Info: Checksum: 0x73e0a7b9

Info: Device utilisation:
Info: 	                 VCC:     1/    1   100%
Info: 	               SLICE:   123/ 8640     1%
Info: 	                 IOB:    25/  274     9%
Info: 	                ODDR:     0/  274     0%
Info: 	           MUX2_LUT5:    60/ 4320     1%
Info: 	           MUX2_LUT6:    30/ 2160     1%
Info: 	           MUX2_LUT7:    15/ 1080     1%
Info: 	           MUX2_LUT8:     0/ 1056     0%
Info: 	                 GND:     1/    1   100%
Info: 	                RAMW:     0/  270     0%
Info: 	                 GSR:     1/    1   100%
Info: 	                 OSC:     0/    1     0%
Info: 	                rPLL:     0/    2     0%

Info: Placed 25 cells based on constraints.
Info: Creating initial analytic placement for 20 cells, random placement wirelen = 957.
Info:     at initial placer iter 0, wirelen = 572
Info:     at initial placer iter 1, wirelen = 535
Info:     at initial placer iter 2, wirelen = 532
Info:     at initial placer iter 3, wirelen = 533
Info: Running main analytical placer, max placement attempts per cell = 10000.
Info:     at iteration #1, type SLICE: wirelen solved = 533, spread = 539, legal = 540; time = 0.00s
Info:     at iteration #1, type VCC: wirelen solved = 540, spread = 540, legal = 540; time = 0.00s
Info:     at iteration #1, type MUX2_LUT7: wirelen solved = 540, spread = 554, legal = 546; time = 0.00s
Info:     at iteration #1, type GSR: wirelen solved = 546, spread = 546, legal = 546; time = 0.00s
Info:     at iteration #1, type ALL: wirelen solved = 528, spread = 562, legal = 557; time = 0.00s
Info: HeAP Placer Time: 0.03s
Info:   of which solving equations: 0.01s
Info:   of which spreading cells: 0.00s
Info:   of which strict legalisation: 0.00s

Info: Running simulated annealing placer for refinement.
Info:   at iteration #1: temp = 0.000000, timing cost = 0, wirelen = 557
Info:   at iteration #4: temp = 0.000000, timing cost = 0, wirelen = 545 
Info: SA placement time 0.02s

Info: Max delay <async> -> <async>: 30.28 ns

Info: Slack histogram:
Info:  legend: * represents 1 endpoint(s)
Info:          + represents [1,1) endpoint(s)
Info: [  6753,   7928) |+
Info: [  7928,   9103) | 
Info: [  9103,  10278) |**+
Info: [ 10278,  11453) |*+
Info: [ 11453,  12628) |******+
Info: [ 12628,  13803) |*****+
Info: [ 13803,  14978) |*************** 
Info: [ 14978,  16153) |*************************************************+
Info: [ 16153,  17328) |************************************************************ 
Info: [ 17328,  18503) |*****************+
Info: [ 18503,  19678) |********************+
Info: [ 19678,  20853) |************ 
Info: [ 20853,  22028) |****************** 
Info: [ 22028,  23203) |*************+
Info: [ 23203,  24378) |****+
Info: [ 24378,  25553) |*********+
Info: [ 25553,  26728) |*********+
Info: [ 26728,  27903) |**************+
Info: [ 27903,  29078) |**************+
Info: [ 29078,  30253) |*******************+
Info: Checksum: 0x83cb5144
Info: Find global nets...
Info: Routing globals...

Info: Routing..
Info: Setting up routing queue.
Info: Routing 807 arcs.
Info:            |   (re-)routed arcs  |   delta    | remaining|       time spent     |
Info:    IterCnt |  w/ripup   wo/ripup |  w/r  wo/r |      arcs| batch(sec) total(sec)|
Info:        926 |       56        870 |   56   870 |         0|       0.84       0.84|
Info: Routing complete.
Info: Router1 time 0.84s
Info: Checksum: 0x0d7d0b8a

Info: Critical path report for cross-domain path '<async>' -> '<async>':
Info: curr total
Info:  0.0  0.0  Source cor.in_IBUF_O_5$iob.O
Info: 15.4 15.4    Net cor.in[1] budget 37.037037 ns (7,28) -> (43,2)
Info:                Sink seg_disp.seg7_MUX2_LUT7_O_I1_MUX2_LUT6_O_I0_MUX2_LUT5_O_I1_LUT4_F_LC.C
Info:                Defined in:
Info:                  ../design/receptor.sv:15.15-18.2
Info:                  ../design/decodificador.sv:2.23-2.25
Info:  0.8 16.2  Source seg_disp.seg7_MUX2_LUT7_O_I1_MUX2_LUT6_O_I0_MUX2_LUT5_O_I1_LUT4_F_LC.F
Info:  0.3 16.6    Net seg_disp.seg7_MUX2_LUT7_O_I1_MUX2_LUT6_O_I0_MUX2_LUT5_O_I1 budget 6.975408 ns (43,2) -> (43,2)
Info:                Sink seg_disp.seg7_MUX2_LUT7_O_I1_MUX2_LUT6_O_I0_MUX2_LUT5_O_LC.I1
Info:                Defined in:
Info:                  /home/julian/Documents/TEC/Dise￿FFC3￿FFB1o_L￿FFC3￿FFB3gico/oss-cad-suite-linux-x64-20230210/oss-cad-suite/lib/../share/yosys/gowin/cells_map.v:165.42-165.67
Info:                  /home/julian/Documents/TEC/Dise￿FFC3￿FFB1o_L￿FFC3￿FFB3gico/oss-cad-suite-linux-x64-20230210/oss-cad-suite/lib/../share/yosys/gowin/cells_map.v:158.41-158.66
Info:                  /home/julian/Documents/TEC/Dise￿FFC3￿FFB1o_L￿FFC3￿FFB3gico/oss-cad-suite-linux-x64-20230210/oss-cad-suite/lib/../share/yosys/gowin/cells_map.v:151.13-151.15
Info:  0.2 16.8  Source seg_disp.seg7_MUX2_LUT7_O_I1_MUX2_LUT6_O_I0_MUX2_LUT5_O_LC.OF
Info:  0.3 17.1    Net seg_disp.seg7_MUX2_LUT7_O_I1_MUX2_LUT6_O_I0 budget 6.975408 ns (43,2) -> (43,2)
Info:                Sink seg_disp.seg7_MUX2_LUT7_O_I1_MUX2_LUT6_O_LC.I0
Info:                Defined in:
Info:                  /home/julian/Documents/TEC/Dise￿FFC3￿FFB1o_L￿FFC3￿FFB3gico/oss-cad-suite-linux-x64-20230210/oss-cad-suite/lib/../share/yosys/gowin/cells_map.v:165.42-165.67
Info:                  /home/julian/Documents/TEC/Dise￿FFC3￿FFB1o_L￿FFC3￿FFB3gico/oss-cad-suite-linux-x64-20230210/oss-cad-suite/lib/../share/yosys/gowin/cells_map.v:157.9-157.11
Info:  0.4 17.4  Source seg_disp.seg7_MUX2_LUT7_O_I1_MUX2_LUT6_O_LC.OF
Info:  0.3 17.8    Net seg_disp.seg7_MUX2_LUT7_O_I1 budget 6.975408 ns (43,2) -> (43,2)
Info:                Sink seg_disp.seg7_MUX2_LUT7_O_LC.I1
Info:                Defined in:
Info:                  /home/julian/Documents/TEC/Dise￿FFC3￿FFB1o_L￿FFC3￿FFB3gico/oss-cad-suite-linux-x64-20230210/oss-cad-suite/lib/../share/yosys/gowin/cells_map.v:163.13-163.15
Info:  0.5 18.3  Source seg_disp.seg7_MUX2_LUT7_O_LC.OF
Info:  1.3 19.6    Net seg_disp.seg7[6] budget 6.975408 ns (43,2) -> (41,0)
Info:                Sink seg7_OBUF_O$iob.I
Info:                Defined in:
Info:                  ../design/receptor.sv:34.14-37.2
Info:                  ../design/seg7_display.sv:30.23-30.27
Info: 1.9 ns logic, 17.7 ns routing

Info: Max delay <async> -> <async>: 19.57 ns

Info: Slack histogram:
Info:  legend: * represents 1 endpoint(s)
Info:          + represents [1,1) endpoint(s)
Info: [ 17466,  18230) |+
Info: [ 18230,  18994) |*+
Info: [ 18994,  19758) |*+
Info: [ 19758,  20522) |***+
Info: [ 20522,  21286) | 
Info: [ 21286,  22050) |**+
Info: [ 22050,  22814) |*******+
Info: [ 22814,  23578) |*************** 
Info: [ 23578,  24342) |*************************************+
Info: [ 24342,  25106) |************************************************************ 
Info: [ 25106,  25870) |*************************+
Info: [ 25870,  26634) |*************************** 
Info: [ 26634,  27398) |***************+
Info: [ 27398,  28162) |*******************+
Info: [ 28162,  28926) |**********+
Info: [ 28926,  29690) |****+
Info: [ 29690,  30454) |*****+
Info: [ 30454,  31218) |*************************+
Info: [ 31218,  31982) |*************+
Info: [ 31982,  32746) |****************** 

Info: Program finished normally.
