
 /----------------------------------------------------------------------------\
 |                                                                            |
 |  yosys -- Yosys Open SYnthesis Suite                                       |
 |                                                                            |
 |  Copyright (C) 2012 - 2020  Claire Xenia Wolf <claire@yosyshq.com>         |
 |                                                                            |
 |  Permission to use, copy, modify, and/or distribute this software for any  |
 |  purpose with or without fee is hereby granted, provided that the above    |
 |  copyright notice and this permission notice appear in all copies.         |
 |                                                                            |
 |  THE SOFTWARE IS PROVIDED "AS IS" AND THE AUTHOR DISCLAIMS ALL WARRANTIES  |
 |  WITH REGARD TO THIS SOFTWARE INCLUDING ALL IMPLIED WARRANTIES OF          |
 |  MERCHANTABILITY AND FITNESS. IN NO EVENT SHALL THE AUTHOR BE LIABLE FOR   |
 |  ANY SPECIAL, DIRECT, INDIRECT, OR CONSEQUENTIAL DAMAGES OR ANY DAMAGES    |
 |  WHATSOEVER RESULTING FROM LOSS OF USE, DATA OR PROFITS, WHETHER IN AN     |
 |  ACTION OF CONTRACT, NEGLIGENCE OR OTHER TORTIOUS ACTION, ARISING OUT OF   |
 |  OR IN CONNECTION WITH THE USE OR PERFORMANCE OF THIS SOFTWARE.            |
 |                                                                            |
 \----------------------------------------------------------------------------/

 Yosys 0.26+1 (git sha1 b1a011138, clang 10.0.0-4ubuntu1 -fPIC -Os)


-- Running command `read_verilog -sv ../design/corrector.sv ../design/decodificador.sv ../design/receptor.sv ; synth_gowin -top receptor -json RECEPTOR.json' --

1. Executing Verilog-2005 frontend: ../design/corrector.sv
Parsing SystemVerilog input from `../design/corrector.sv' to AST representation.
Generating RTLIL representation for module `\corrector'.
Successfully finished Verilog frontend.

2. Executing Verilog-2005 frontend: ../design/decodificador.sv
Parsing SystemVerilog input from `../design/decodificador.sv' to AST representation.
Generating RTLIL representation for module `\decodificador'.
Successfully finished Verilog frontend.

3. Executing Verilog-2005 frontend: ../design/receptor.sv
Parsing SystemVerilog input from `../design/receptor.sv' to AST representation.
Generating RTLIL representation for module `\receptor'.
Successfully finished Verilog frontend.

4. Executing SYNTH_GOWIN pass.

4.1. Executing Verilog-2005 frontend: /home/julian/Documents/TEC/Diseño_Lógico/oss-cad-suite-linux-x64-20230210/oss-cad-suite/lib/../share/yosys/gowin/cells_sim.v
Parsing Verilog input from `/home/julian/Documents/TEC/Diseño_Lógico/oss-cad-suite-linux-x64-20230210/oss-cad-suite/lib/../share/yosys/gowin/cells_sim.v' to AST representation.
Generating RTLIL representation for module `\LUT1'.
Generating RTLIL representation for module `\LUT2'.
Generating RTLIL representation for module `\LUT3'.
Generating RTLIL representation for module `\LUT4'.
Generating RTLIL representation for module `\__APICULA_LUT5'.
Generating RTLIL representation for module `\__APICULA_LUT6'.
Generating RTLIL representation for module `\__APICULA_LUT7'.
Generating RTLIL representation for module `\__APICULA_LUT8'.
Generating RTLIL representation for module `\MUX2'.
Generating RTLIL representation for module `\MUX2_LUT5'.
Generating RTLIL representation for module `\MUX2_LUT6'.
Generating RTLIL representation for module `\MUX2_LUT7'.
Generating RTLIL representation for module `\MUX2_LUT8'.
Generating RTLIL representation for module `\DFF'.
Generating RTLIL representation for module `\DFFE'.
Generating RTLIL representation for module `\DFFS'.
Generating RTLIL representation for module `\DFFSE'.
Generating RTLIL representation for module `\DFFR'.
Generating RTLIL representation for module `\DFFRE'.
Generating RTLIL representation for module `\DFFP'.
Generating RTLIL representation for module `\DFFPE'.
Generating RTLIL representation for module `\DFFC'.
Generating RTLIL representation for module `\DFFCE'.
Generating RTLIL representation for module `\DFFN'.
Generating RTLIL representation for module `\DFFNE'.
Generating RTLIL representation for module `\DFFNS'.
Generating RTLIL representation for module `\DFFNSE'.
Generating RTLIL representation for module `\DFFNR'.
Generating RTLIL representation for module `\DFFNRE'.
Generating RTLIL representation for module `\DFFNP'.
Generating RTLIL representation for module `\DFFNPE'.
Generating RTLIL representation for module `\DFFNC'.
Generating RTLIL representation for module `\DFFNCE'.
Generating RTLIL representation for module `\VCC'.
Generating RTLIL representation for module `\GND'.
Generating RTLIL representation for module `\IBUF'.
Generating RTLIL representation for module `\OBUF'.
Generating RTLIL representation for module `\TBUF'.
Generating RTLIL representation for module `\IOBUF'.
Generating RTLIL representation for module `\TLVDS_OBUF'.
Generating RTLIL representation for module `\ODDR'.
Generating RTLIL representation for module `\ODDRC'.
Generating RTLIL representation for module `\GSR'.
Generating RTLIL representation for module `\ALU'.
Generating RTLIL representation for module `\RAM16S1'.
Generating RTLIL representation for module `\RAM16S2'.
Generating RTLIL representation for module `\RAM16S4'.
Generating RTLIL representation for module `\RAM16SDP1'.
Generating RTLIL representation for module `\RAM16SDP2'.
Generating RTLIL representation for module `\RAM16SDP4'.
Generating RTLIL representation for module `\SP'.
Generating RTLIL representation for module `\SPX9'.
Generating RTLIL representation for module `\SDP'.
Generating RTLIL representation for module `\SDPX9'.
Generating RTLIL representation for module `\DP'.
Generating RTLIL representation for module `\DPX9'.
Generating RTLIL representation for module `\rPLL'.
Generating RTLIL representation for module `\PLLVR'.
Generating RTLIL representation for module `\OSC'.
Generating RTLIL representation for module `\OSCZ'.
Generating RTLIL representation for module `\OSCF'.
Generating RTLIL representation for module `\OSCH'.
Successfully finished Verilog frontend.

4.2. Executing HIERARCHY pass (managing design hierarchy).

4.2.1. Analyzing design hierarchy..
Top module:  \receptor
Used module:     \corrector
Used module:     \decodificador

4.2.2. Analyzing design hierarchy..
Top module:  \receptor
Used module:     \corrector
Used module:     \decodificador
Removed 0 unused modules.

4.3. Executing PROC pass (convert processes to netlists).

4.3.1. Executing PROC_CLEAN pass (remove empty switches from decision trees).
Found and cleaned up 1 empty switch in `\ALU.$proc$/home/julian/Documents/TEC/Dise$c3$b1o_L$c3$b3gico/oss-cad-suite-linux-x64-20230210/oss-cad-suite/lib/../share/yosys/gowin/cells_sim.v:661$257'.
Cleaned up 1 empty switch.

4.3.2. Executing PROC_RMDEAD pass (remove dead branches from decision trees).
Marked 1 switch rules as full_case in process $proc$/home/julian/Documents/TEC/Dise$c3$b1o_L$c3$b3gico/oss-cad-suite-linux-x64-20230210/oss-cad-suite/lib/../share/yosys/gowin/cells_sim.v:535$253 in module DFFNCE.
Marked 1 switch rules as full_case in process $proc$/home/julian/Documents/TEC/Dise$c3$b1o_L$c3$b3gico/oss-cad-suite-linux-x64-20230210/oss-cad-suite/lib/../share/yosys/gowin/cells_sim.v:515$251 in module DFFNC.
Marked 1 switch rules as full_case in process $proc$/home/julian/Documents/TEC/Dise$c3$b1o_L$c3$b3gico/oss-cad-suite-linux-x64-20230210/oss-cad-suite/lib/../share/yosys/gowin/cells_sim.v:496$249 in module DFFNPE.
Marked 1 switch rules as full_case in process $proc$/home/julian/Documents/TEC/Dise$c3$b1o_L$c3$b3gico/oss-cad-suite-linux-x64-20230210/oss-cad-suite/lib/../share/yosys/gowin/cells_sim.v:476$247 in module DFFNP.
Marked 1 switch rules as full_case in process $proc$/home/julian/Documents/TEC/Dise$c3$b1o_L$c3$b3gico/oss-cad-suite-linux-x64-20230210/oss-cad-suite/lib/../share/yosys/gowin/cells_sim.v:457$245 in module DFFNRE.
Marked 1 switch rules as full_case in process $proc$/home/julian/Documents/TEC/Dise$c3$b1o_L$c3$b3gico/oss-cad-suite-linux-x64-20230210/oss-cad-suite/lib/../share/yosys/gowin/cells_sim.v:437$243 in module DFFNR.
Marked 1 switch rules as full_case in process $proc$/home/julian/Documents/TEC/Dise$c3$b1o_L$c3$b3gico/oss-cad-suite-linux-x64-20230210/oss-cad-suite/lib/../share/yosys/gowin/cells_sim.v:418$241 in module DFFNSE.
Marked 1 switch rules as full_case in process $proc$/home/julian/Documents/TEC/Dise$c3$b1o_L$c3$b3gico/oss-cad-suite-linux-x64-20230210/oss-cad-suite/lib/../share/yosys/gowin/cells_sim.v:398$239 in module DFFNS.
Marked 1 switch rules as full_case in process $proc$/home/julian/Documents/TEC/Dise$c3$b1o_L$c3$b3gico/oss-cad-suite-linux-x64-20230210/oss-cad-suite/lib/../share/yosys/gowin/cells_sim.v:348$233 in module DFFCE.
Marked 1 switch rules as full_case in process $proc$/home/julian/Documents/TEC/Dise$c3$b1o_L$c3$b3gico/oss-cad-suite-linux-x64-20230210/oss-cad-suite/lib/../share/yosys/gowin/cells_sim.v:328$231 in module DFFC.
Marked 1 switch rules as full_case in process $proc$/home/julian/Documents/TEC/Dise$c3$b1o_L$c3$b3gico/oss-cad-suite-linux-x64-20230210/oss-cad-suite/lib/../share/yosys/gowin/cells_sim.v:309$229 in module DFFPE.
Marked 1 switch rules as full_case in process $proc$/home/julian/Documents/TEC/Dise$c3$b1o_L$c3$b3gico/oss-cad-suite-linux-x64-20230210/oss-cad-suite/lib/../share/yosys/gowin/cells_sim.v:289$227 in module DFFP.
Marked 1 switch rules as full_case in process $proc$/home/julian/Documents/TEC/Dise$c3$b1o_L$c3$b3gico/oss-cad-suite-linux-x64-20230210/oss-cad-suite/lib/../share/yosys/gowin/cells_sim.v:270$225 in module DFFRE.
Marked 1 switch rules as full_case in process $proc$/home/julian/Documents/TEC/Dise$c3$b1o_L$c3$b3gico/oss-cad-suite-linux-x64-20230210/oss-cad-suite/lib/../share/yosys/gowin/cells_sim.v:250$223 in module DFFR.
Marked 1 switch rules as full_case in process $proc$/home/julian/Documents/TEC/Dise$c3$b1o_L$c3$b3gico/oss-cad-suite-linux-x64-20230210/oss-cad-suite/lib/../share/yosys/gowin/cells_sim.v:231$221 in module DFFSE.
Marked 1 switch rules as full_case in process $proc$/home/julian/Documents/TEC/Dise$c3$b1o_L$c3$b3gico/oss-cad-suite-linux-x64-20230210/oss-cad-suite/lib/../share/yosys/gowin/cells_sim.v:211$219 in module DFFS.
Removed a total of 0 dead cases.

4.3.3. Executing PROC_PRUNE pass (remove redundant assignments in processes).
Removed 8 redundant assignments.
Promoted 26 assignments to connections.

4.3.4. Executing PROC_INIT pass (extract init attributes).
Found init rule in `\DFFNCE.$proc$/home/julian/Documents/TEC/Dise$c3$b1o_L$c3$b3gico/oss-cad-suite-linux-x64-20230210/oss-cad-suite/lib/../share/yosys/gowin/cells_sim.v:0$254'.
  Set init value: \Q = 1'0
Found init rule in `\DFFNC.$proc$/home/julian/Documents/TEC/Dise$c3$b1o_L$c3$b3gico/oss-cad-suite-linux-x64-20230210/oss-cad-suite/lib/../share/yosys/gowin/cells_sim.v:0$252'.
  Set init value: \Q = 1'0
Found init rule in `\DFFNPE.$proc$/home/julian/Documents/TEC/Dise$c3$b1o_L$c3$b3gico/oss-cad-suite-linux-x64-20230210/oss-cad-suite/lib/../share/yosys/gowin/cells_sim.v:0$250'.
  Set init value: \Q = 1'1
Found init rule in `\DFFNP.$proc$/home/julian/Documents/TEC/Dise$c3$b1o_L$c3$b3gico/oss-cad-suite-linux-x64-20230210/oss-cad-suite/lib/../share/yosys/gowin/cells_sim.v:0$248'.
  Set init value: \Q = 1'1
Found init rule in `\DFFNRE.$proc$/home/julian/Documents/TEC/Dise$c3$b1o_L$c3$b3gico/oss-cad-suite-linux-x64-20230210/oss-cad-suite/lib/../share/yosys/gowin/cells_sim.v:0$246'.
  Set init value: \Q = 1'0
Found init rule in `\DFFNR.$proc$/home/julian/Documents/TEC/Dise$c3$b1o_L$c3$b3gico/oss-cad-suite-linux-x64-20230210/oss-cad-suite/lib/../share/yosys/gowin/cells_sim.v:0$244'.
  Set init value: \Q = 1'0
Found init rule in `\DFFNSE.$proc$/home/julian/Documents/TEC/Dise$c3$b1o_L$c3$b3gico/oss-cad-suite-linux-x64-20230210/oss-cad-suite/lib/../share/yosys/gowin/cells_sim.v:0$242'.
  Set init value: \Q = 1'1
Found init rule in `\DFFNS.$proc$/home/julian/Documents/TEC/Dise$c3$b1o_L$c3$b3gico/oss-cad-suite-linux-x64-20230210/oss-cad-suite/lib/../share/yosys/gowin/cells_sim.v:0$240'.
  Set init value: \Q = 1'1
Found init rule in `\DFFNE.$proc$/home/julian/Documents/TEC/Dise$c3$b1o_L$c3$b3gico/oss-cad-suite-linux-x64-20230210/oss-cad-suite/lib/../share/yosys/gowin/cells_sim.v:0$238'.
  Set init value: \Q = 1'0
Found init rule in `\DFFN.$proc$/home/julian/Documents/TEC/Dise$c3$b1o_L$c3$b3gico/oss-cad-suite-linux-x64-20230210/oss-cad-suite/lib/../share/yosys/gowin/cells_sim.v:0$236'.
  Set init value: \Q = 1'0
Found init rule in `\DFFCE.$proc$/home/julian/Documents/TEC/Dise$c3$b1o_L$c3$b3gico/oss-cad-suite-linux-x64-20230210/oss-cad-suite/lib/../share/yosys/gowin/cells_sim.v:0$234'.
  Set init value: \Q = 1'0
Found init rule in `\DFFC.$proc$/home/julian/Documents/TEC/Dise$c3$b1o_L$c3$b3gico/oss-cad-suite-linux-x64-20230210/oss-cad-suite/lib/../share/yosys/gowin/cells_sim.v:0$232'.
  Set init value: \Q = 1'0
Found init rule in `\DFFPE.$proc$/home/julian/Documents/TEC/Dise$c3$b1o_L$c3$b3gico/oss-cad-suite-linux-x64-20230210/oss-cad-suite/lib/../share/yosys/gowin/cells_sim.v:0$230'.
  Set init value: \Q = 1'1
Found init rule in `\DFFP.$proc$/home/julian/Documents/TEC/Dise$c3$b1o_L$c3$b3gico/oss-cad-suite-linux-x64-20230210/oss-cad-suite/lib/../share/yosys/gowin/cells_sim.v:0$228'.
  Set init value: \Q = 1'1
Found init rule in `\DFFRE.$proc$/home/julian/Documents/TEC/Dise$c3$b1o_L$c3$b3gico/oss-cad-suite-linux-x64-20230210/oss-cad-suite/lib/../share/yosys/gowin/cells_sim.v:0$226'.
  Set init value: \Q = 1'0
Found init rule in `\DFFR.$proc$/home/julian/Documents/TEC/Dise$c3$b1o_L$c3$b3gico/oss-cad-suite-linux-x64-20230210/oss-cad-suite/lib/../share/yosys/gowin/cells_sim.v:0$224'.
  Set init value: \Q = 1'0
Found init rule in `\DFFSE.$proc$/home/julian/Documents/TEC/Dise$c3$b1o_L$c3$b3gico/oss-cad-suite-linux-x64-20230210/oss-cad-suite/lib/../share/yosys/gowin/cells_sim.v:0$222'.
  Set init value: \Q = 1'1
Found init rule in `\DFFS.$proc$/home/julian/Documents/TEC/Dise$c3$b1o_L$c3$b3gico/oss-cad-suite-linux-x64-20230210/oss-cad-suite/lib/../share/yosys/gowin/cells_sim.v:0$220'.
  Set init value: \Q = 1'1
Found init rule in `\DFFE.$proc$/home/julian/Documents/TEC/Dise$c3$b1o_L$c3$b3gico/oss-cad-suite-linux-x64-20230210/oss-cad-suite/lib/../share/yosys/gowin/cells_sim.v:0$218'.
  Set init value: \Q = 1'0
Found init rule in `\DFF.$proc$/home/julian/Documents/TEC/Dise$c3$b1o_L$c3$b3gico/oss-cad-suite-linux-x64-20230210/oss-cad-suite/lib/../share/yosys/gowin/cells_sim.v:0$216'.
  Set init value: \Q = 1'0

4.3.5. Executing PROC_ARST pass (detect async resets in processes).
Found async reset \CLEAR in `\DFFNCE.$proc$/home/julian/Documents/TEC/Dise$c3$b1o_L$c3$b3gico/oss-cad-suite-linux-x64-20230210/oss-cad-suite/lib/../share/yosys/gowin/cells_sim.v:535$253'.
Found async reset \CLEAR in `\DFFNC.$proc$/home/julian/Documents/TEC/Dise$c3$b1o_L$c3$b3gico/oss-cad-suite-linux-x64-20230210/oss-cad-suite/lib/../share/yosys/gowin/cells_sim.v:515$251'.
Found async reset \PRESET in `\DFFNPE.$proc$/home/julian/Documents/TEC/Dise$c3$b1o_L$c3$b3gico/oss-cad-suite-linux-x64-20230210/oss-cad-suite/lib/../share/yosys/gowin/cells_sim.v:496$249'.
Found async reset \PRESET in `\DFFNP.$proc$/home/julian/Documents/TEC/Dise$c3$b1o_L$c3$b3gico/oss-cad-suite-linux-x64-20230210/oss-cad-suite/lib/../share/yosys/gowin/cells_sim.v:476$247'.
Found async reset \CLEAR in `\DFFCE.$proc$/home/julian/Documents/TEC/Dise$c3$b1o_L$c3$b3gico/oss-cad-suite-linux-x64-20230210/oss-cad-suite/lib/../share/yosys/gowin/cells_sim.v:348$233'.
Found async reset \CLEAR in `\DFFC.$proc$/home/julian/Documents/TEC/Dise$c3$b1o_L$c3$b3gico/oss-cad-suite-linux-x64-20230210/oss-cad-suite/lib/../share/yosys/gowin/cells_sim.v:328$231'.
Found async reset \PRESET in `\DFFPE.$proc$/home/julian/Documents/TEC/Dise$c3$b1o_L$c3$b3gico/oss-cad-suite-linux-x64-20230210/oss-cad-suite/lib/../share/yosys/gowin/cells_sim.v:309$229'.
Found async reset \PRESET in `\DFFP.$proc$/home/julian/Documents/TEC/Dise$c3$b1o_L$c3$b3gico/oss-cad-suite-linux-x64-20230210/oss-cad-suite/lib/../share/yosys/gowin/cells_sim.v:289$227'.

4.3.6. Executing PROC_ROM pass (convert switches to ROMs).
Converted 0 switches.
<suppressed ~18 debug messages>

4.3.7. Executing PROC_MUX pass (convert decision trees to multiplexers).
Creating decoders for process `\ALU.$proc$/home/julian/Documents/TEC/Dise$c3$b1o_L$c3$b3gico/oss-cad-suite-linux-x64-20230210/oss-cad-suite/lib/../share/yosys/gowin/cells_sim.v:661$257'.
Creating decoders for process `\DFFNCE.$proc$/home/julian/Documents/TEC/Dise$c3$b1o_L$c3$b3gico/oss-cad-suite-linux-x64-20230210/oss-cad-suite/lib/../share/yosys/gowin/cells_sim.v:0$254'.
Creating decoders for process `\DFFNCE.$proc$/home/julian/Documents/TEC/Dise$c3$b1o_L$c3$b3gico/oss-cad-suite-linux-x64-20230210/oss-cad-suite/lib/../share/yosys/gowin/cells_sim.v:535$253'.
     1/1: $0\Q[0:0]
Creating decoders for process `\DFFNC.$proc$/home/julian/Documents/TEC/Dise$c3$b1o_L$c3$b3gico/oss-cad-suite-linux-x64-20230210/oss-cad-suite/lib/../share/yosys/gowin/cells_sim.v:0$252'.
Creating decoders for process `\DFFNC.$proc$/home/julian/Documents/TEC/Dise$c3$b1o_L$c3$b3gico/oss-cad-suite-linux-x64-20230210/oss-cad-suite/lib/../share/yosys/gowin/cells_sim.v:515$251'.
     1/1: $0\Q[0:0]
Creating decoders for process `\DFFNPE.$proc$/home/julian/Documents/TEC/Dise$c3$b1o_L$c3$b3gico/oss-cad-suite-linux-x64-20230210/oss-cad-suite/lib/../share/yosys/gowin/cells_sim.v:0$250'.
Creating decoders for process `\DFFNPE.$proc$/home/julian/Documents/TEC/Dise$c3$b1o_L$c3$b3gico/oss-cad-suite-linux-x64-20230210/oss-cad-suite/lib/../share/yosys/gowin/cells_sim.v:496$249'.
     1/1: $0\Q[0:0]
Creating decoders for process `\DFFNP.$proc$/home/julian/Documents/TEC/Dise$c3$b1o_L$c3$b3gico/oss-cad-suite-linux-x64-20230210/oss-cad-suite/lib/../share/yosys/gowin/cells_sim.v:0$248'.
Creating decoders for process `\DFFNP.$proc$/home/julian/Documents/TEC/Dise$c3$b1o_L$c3$b3gico/oss-cad-suite-linux-x64-20230210/oss-cad-suite/lib/../share/yosys/gowin/cells_sim.v:476$247'.
     1/1: $0\Q[0:0]
Creating decoders for process `\DFFNRE.$proc$/home/julian/Documents/TEC/Dise$c3$b1o_L$c3$b3gico/oss-cad-suite-linux-x64-20230210/oss-cad-suite/lib/../share/yosys/gowin/cells_sim.v:0$246'.
Creating decoders for process `\DFFNRE.$proc$/home/julian/Documents/TEC/Dise$c3$b1o_L$c3$b3gico/oss-cad-suite-linux-x64-20230210/oss-cad-suite/lib/../share/yosys/gowin/cells_sim.v:457$245'.
     1/1: $0\Q[0:0]
Creating decoders for process `\DFFNR.$proc$/home/julian/Documents/TEC/Dise$c3$b1o_L$c3$b3gico/oss-cad-suite-linux-x64-20230210/oss-cad-suite/lib/../share/yosys/gowin/cells_sim.v:0$244'.
Creating decoders for process `\DFFNR.$proc$/home/julian/Documents/TEC/Dise$c3$b1o_L$c3$b3gico/oss-cad-suite-linux-x64-20230210/oss-cad-suite/lib/../share/yosys/gowin/cells_sim.v:437$243'.
     1/1: $0\Q[0:0]
Creating decoders for process `\DFFNSE.$proc$/home/julian/Documents/TEC/Dise$c3$b1o_L$c3$b3gico/oss-cad-suite-linux-x64-20230210/oss-cad-suite/lib/../share/yosys/gowin/cells_sim.v:0$242'.
Creating decoders for process `\DFFNSE.$proc$/home/julian/Documents/TEC/Dise$c3$b1o_L$c3$b3gico/oss-cad-suite-linux-x64-20230210/oss-cad-suite/lib/../share/yosys/gowin/cells_sim.v:418$241'.
     1/1: $0\Q[0:0]
Creating decoders for process `\DFFNS.$proc$/home/julian/Documents/TEC/Dise$c3$b1o_L$c3$b3gico/oss-cad-suite-linux-x64-20230210/oss-cad-suite/lib/../share/yosys/gowin/cells_sim.v:0$240'.
Creating decoders for process `\DFFNS.$proc$/home/julian/Documents/TEC/Dise$c3$b1o_L$c3$b3gico/oss-cad-suite-linux-x64-20230210/oss-cad-suite/lib/../share/yosys/gowin/cells_sim.v:398$239'.
     1/1: $0\Q[0:0]
Creating decoders for process `\DFFNE.$proc$/home/julian/Documents/TEC/Dise$c3$b1o_L$c3$b3gico/oss-cad-suite-linux-x64-20230210/oss-cad-suite/lib/../share/yosys/gowin/cells_sim.v:0$238'.
Creating decoders for process `\DFFNE.$proc$/home/julian/Documents/TEC/Dise$c3$b1o_L$c3$b3gico/oss-cad-suite-linux-x64-20230210/oss-cad-suite/lib/../share/yosys/gowin/cells_sim.v:381$237'.
     1/1: $0\Q[0:0]
Creating decoders for process `\DFFN.$proc$/home/julian/Documents/TEC/Dise$c3$b1o_L$c3$b3gico/oss-cad-suite-linux-x64-20230210/oss-cad-suite/lib/../share/yosys/gowin/cells_sim.v:0$236'.
Creating decoders for process `\DFFN.$proc$/home/julian/Documents/TEC/Dise$c3$b1o_L$c3$b3gico/oss-cad-suite-linux-x64-20230210/oss-cad-suite/lib/../share/yosys/gowin/cells_sim.v:366$235'.
Creating decoders for process `\DFFCE.$proc$/home/julian/Documents/TEC/Dise$c3$b1o_L$c3$b3gico/oss-cad-suite-linux-x64-20230210/oss-cad-suite/lib/../share/yosys/gowin/cells_sim.v:0$234'.
Creating decoders for process `\DFFCE.$proc$/home/julian/Documents/TEC/Dise$c3$b1o_L$c3$b3gico/oss-cad-suite-linux-x64-20230210/oss-cad-suite/lib/../share/yosys/gowin/cells_sim.v:348$233'.
     1/1: $0\Q[0:0]
Creating decoders for process `\DFFC.$proc$/home/julian/Documents/TEC/Dise$c3$b1o_L$c3$b3gico/oss-cad-suite-linux-x64-20230210/oss-cad-suite/lib/../share/yosys/gowin/cells_sim.v:0$232'.
Creating decoders for process `\DFFC.$proc$/home/julian/Documents/TEC/Dise$c3$b1o_L$c3$b3gico/oss-cad-suite-linux-x64-20230210/oss-cad-suite/lib/../share/yosys/gowin/cells_sim.v:328$231'.
     1/1: $0\Q[0:0]
Creating decoders for process `\DFFPE.$proc$/home/julian/Documents/TEC/Dise$c3$b1o_L$c3$b3gico/oss-cad-suite-linux-x64-20230210/oss-cad-suite/lib/../share/yosys/gowin/cells_sim.v:0$230'.
Creating decoders for process `\DFFPE.$proc$/home/julian/Documents/TEC/Dise$c3$b1o_L$c3$b3gico/oss-cad-suite-linux-x64-20230210/oss-cad-suite/lib/../share/yosys/gowin/cells_sim.v:309$229'.
     1/1: $0\Q[0:0]
Creating decoders for process `\DFFP.$proc$/home/julian/Documents/TEC/Dise$c3$b1o_L$c3$b3gico/oss-cad-suite-linux-x64-20230210/oss-cad-suite/lib/../share/yosys/gowin/cells_sim.v:0$228'.
Creating decoders for process `\DFFP.$proc$/home/julian/Documents/TEC/Dise$c3$b1o_L$c3$b3gico/oss-cad-suite-linux-x64-20230210/oss-cad-suite/lib/../share/yosys/gowin/cells_sim.v:289$227'.
     1/1: $0\Q[0:0]
Creating decoders for process `\DFFRE.$proc$/home/julian/Documents/TEC/Dise$c3$b1o_L$c3$b3gico/oss-cad-suite-linux-x64-20230210/oss-cad-suite/lib/../share/yosys/gowin/cells_sim.v:0$226'.
Creating decoders for process `\DFFRE.$proc$/home/julian/Documents/TEC/Dise$c3$b1o_L$c3$b3gico/oss-cad-suite-linux-x64-20230210/oss-cad-suite/lib/../share/yosys/gowin/cells_sim.v:270$225'.
     1/1: $0\Q[0:0]
Creating decoders for process `\DFFR.$proc$/home/julian/Documents/TEC/Dise$c3$b1o_L$c3$b3gico/oss-cad-suite-linux-x64-20230210/oss-cad-suite/lib/../share/yosys/gowin/cells_sim.v:0$224'.
Creating decoders for process `\DFFR.$proc$/home/julian/Documents/TEC/Dise$c3$b1o_L$c3$b3gico/oss-cad-suite-linux-x64-20230210/oss-cad-suite/lib/../share/yosys/gowin/cells_sim.v:250$223'.
     1/1: $0\Q[0:0]
Creating decoders for process `\DFFSE.$proc$/home/julian/Documents/TEC/Dise$c3$b1o_L$c3$b3gico/oss-cad-suite-linux-x64-20230210/oss-cad-suite/lib/../share/yosys/gowin/cells_sim.v:0$222'.
Creating decoders for process `\DFFSE.$proc$/home/julian/Documents/TEC/Dise$c3$b1o_L$c3$b3gico/oss-cad-suite-linux-x64-20230210/oss-cad-suite/lib/../share/yosys/gowin/cells_sim.v:231$221'.
     1/1: $0\Q[0:0]
Creating decoders for process `\DFFS.$proc$/home/julian/Documents/TEC/Dise$c3$b1o_L$c3$b3gico/oss-cad-suite-linux-x64-20230210/oss-cad-suite/lib/../share/yosys/gowin/cells_sim.v:0$220'.
Creating decoders for process `\DFFS.$proc$/home/julian/Documents/TEC/Dise$c3$b1o_L$c3$b3gico/oss-cad-suite-linux-x64-20230210/oss-cad-suite/lib/../share/yosys/gowin/cells_sim.v:211$219'.
     1/1: $0\Q[0:0]
Creating decoders for process `\DFFE.$proc$/home/julian/Documents/TEC/Dise$c3$b1o_L$c3$b3gico/oss-cad-suite-linux-x64-20230210/oss-cad-suite/lib/../share/yosys/gowin/cells_sim.v:0$218'.
Creating decoders for process `\DFFE.$proc$/home/julian/Documents/TEC/Dise$c3$b1o_L$c3$b3gico/oss-cad-suite-linux-x64-20230210/oss-cad-suite/lib/../share/yosys/gowin/cells_sim.v:194$217'.
     1/1: $0\Q[0:0]
Creating decoders for process `\DFF.$proc$/home/julian/Documents/TEC/Dise$c3$b1o_L$c3$b3gico/oss-cad-suite-linux-x64-20230210/oss-cad-suite/lib/../share/yosys/gowin/cells_sim.v:0$216'.
Creating decoders for process `\DFF.$proc$/home/julian/Documents/TEC/Dise$c3$b1o_L$c3$b3gico/oss-cad-suite-linux-x64-20230210/oss-cad-suite/lib/../share/yosys/gowin/cells_sim.v:179$215'.

4.3.8. Executing PROC_DLATCH pass (convert process syncs to latches).

4.3.9. Executing PROC_DFF pass (convert process syncs to FFs).
Creating register for signal `\ALU.\C' using process `\ALU.$proc$/home/julian/Documents/TEC/Dise$c3$b1o_L$c3$b3gico/oss-cad-suite-linux-x64-20230210/oss-cad-suite/lib/../share/yosys/gowin/cells_sim.v:661$257'.
  created direct connection (no actual register cell created).
Creating register for signal `\ALU.\S' using process `\ALU.$proc$/home/julian/Documents/TEC/Dise$c3$b1o_L$c3$b3gico/oss-cad-suite-linux-x64-20230210/oss-cad-suite/lib/../share/yosys/gowin/cells_sim.v:661$257'.
  created direct connection (no actual register cell created).
Creating register for signal `\DFFNCE.\Q' using process `\DFFNCE.$proc$/home/julian/Documents/TEC/Dise$c3$b1o_L$c3$b3gico/oss-cad-suite-linux-x64-20230210/oss-cad-suite/lib/../share/yosys/gowin/cells_sim.v:535$253'.
  created $adff cell `$procdff$345' with negative edge clock and positive level reset.
Creating register for signal `\DFFNC.\Q' using process `\DFFNC.$proc$/home/julian/Documents/TEC/Dise$c3$b1o_L$c3$b3gico/oss-cad-suite-linux-x64-20230210/oss-cad-suite/lib/../share/yosys/gowin/cells_sim.v:515$251'.
  created $adff cell `$procdff$346' with negative edge clock and positive level reset.
Creating register for signal `\DFFNPE.\Q' using process `\DFFNPE.$proc$/home/julian/Documents/TEC/Dise$c3$b1o_L$c3$b3gico/oss-cad-suite-linux-x64-20230210/oss-cad-suite/lib/../share/yosys/gowin/cells_sim.v:496$249'.
  created $adff cell `$procdff$347' with negative edge clock and positive level reset.
Creating register for signal `\DFFNP.\Q' using process `\DFFNP.$proc$/home/julian/Documents/TEC/Dise$c3$b1o_L$c3$b3gico/oss-cad-suite-linux-x64-20230210/oss-cad-suite/lib/../share/yosys/gowin/cells_sim.v:476$247'.
  created $adff cell `$procdff$348' with negative edge clock and positive level reset.
Creating register for signal `\DFFNRE.\Q' using process `\DFFNRE.$proc$/home/julian/Documents/TEC/Dise$c3$b1o_L$c3$b3gico/oss-cad-suite-linux-x64-20230210/oss-cad-suite/lib/../share/yosys/gowin/cells_sim.v:457$245'.
  created $dff cell `$procdff$349' with negative edge clock.
Creating register for signal `\DFFNR.\Q' using process `\DFFNR.$proc$/home/julian/Documents/TEC/Dise$c3$b1o_L$c3$b3gico/oss-cad-suite-linux-x64-20230210/oss-cad-suite/lib/../share/yosys/gowin/cells_sim.v:437$243'.
  created $dff cell `$procdff$350' with negative edge clock.
Creating register for signal `\DFFNSE.\Q' using process `\DFFNSE.$proc$/home/julian/Documents/TEC/Dise$c3$b1o_L$c3$b3gico/oss-cad-suite-linux-x64-20230210/oss-cad-suite/lib/../share/yosys/gowin/cells_sim.v:418$241'.
  created $dff cell `$procdff$351' with negative edge clock.
Creating register for signal `\DFFNS.\Q' using process `\DFFNS.$proc$/home/julian/Documents/TEC/Dise$c3$b1o_L$c3$b3gico/oss-cad-suite-linux-x64-20230210/oss-cad-suite/lib/../share/yosys/gowin/cells_sim.v:398$239'.
  created $dff cell `$procdff$352' with negative edge clock.
Creating register for signal `\DFFNE.\Q' using process `\DFFNE.$proc$/home/julian/Documents/TEC/Dise$c3$b1o_L$c3$b3gico/oss-cad-suite-linux-x64-20230210/oss-cad-suite/lib/../share/yosys/gowin/cells_sim.v:381$237'.
  created $dff cell `$procdff$353' with negative edge clock.
Creating register for signal `\DFFN.\Q' using process `\DFFN.$proc$/home/julian/Documents/TEC/Dise$c3$b1o_L$c3$b3gico/oss-cad-suite-linux-x64-20230210/oss-cad-suite/lib/../share/yosys/gowin/cells_sim.v:366$235'.
  created $dff cell `$procdff$354' with negative edge clock.
Creating register for signal `\DFFCE.\Q' using process `\DFFCE.$proc$/home/julian/Documents/TEC/Dise$c3$b1o_L$c3$b3gico/oss-cad-suite-linux-x64-20230210/oss-cad-suite/lib/../share/yosys/gowin/cells_sim.v:348$233'.
  created $adff cell `$procdff$355' with positive edge clock and positive level reset.
Creating register for signal `\DFFC.\Q' using process `\DFFC.$proc$/home/julian/Documents/TEC/Dise$c3$b1o_L$c3$b3gico/oss-cad-suite-linux-x64-20230210/oss-cad-suite/lib/../share/yosys/gowin/cells_sim.v:328$231'.
  created $adff cell `$procdff$356' with positive edge clock and positive level reset.
Creating register for signal `\DFFPE.\Q' using process `\DFFPE.$proc$/home/julian/Documents/TEC/Dise$c3$b1o_L$c3$b3gico/oss-cad-suite-linux-x64-20230210/oss-cad-suite/lib/../share/yosys/gowin/cells_sim.v:309$229'.
  created $adff cell `$procdff$357' with positive edge clock and positive level reset.
Creating register for signal `\DFFP.\Q' using process `\DFFP.$proc$/home/julian/Documents/TEC/Dise$c3$b1o_L$c3$b3gico/oss-cad-suite-linux-x64-20230210/oss-cad-suite/lib/../share/yosys/gowin/cells_sim.v:289$227'.
  created $adff cell `$procdff$358' with positive edge clock and positive level reset.
Creating register for signal `\DFFRE.\Q' using process `\DFFRE.$proc$/home/julian/Documents/TEC/Dise$c3$b1o_L$c3$b3gico/oss-cad-suite-linux-x64-20230210/oss-cad-suite/lib/../share/yosys/gowin/cells_sim.v:270$225'.
  created $dff cell `$procdff$359' with positive edge clock.
Creating register for signal `\DFFR.\Q' using process `\DFFR.$proc$/home/julian/Documents/TEC/Dise$c3$b1o_L$c3$b3gico/oss-cad-suite-linux-x64-20230210/oss-cad-suite/lib/../share/yosys/gowin/cells_sim.v:250$223'.
  created $dff cell `$procdff$360' with positive edge clock.
Creating register for signal `\DFFSE.\Q' using process `\DFFSE.$proc$/home/julian/Documents/TEC/Dise$c3$b1o_L$c3$b3gico/oss-cad-suite-linux-x64-20230210/oss-cad-suite/lib/../share/yosys/gowin/cells_sim.v:231$221'.
  created $dff cell `$procdff$361' with positive edge clock.
Creating register for signal `\DFFS.\Q' using process `\DFFS.$proc$/home/julian/Documents/TEC/Dise$c3$b1o_L$c3$b3gico/oss-cad-suite-linux-x64-20230210/oss-cad-suite/lib/../share/yosys/gowin/cells_sim.v:211$219'.
  created $dff cell `$procdff$362' with positive edge clock.
Creating register for signal `\DFFE.\Q' using process `\DFFE.$proc$/home/julian/Documents/TEC/Dise$c3$b1o_L$c3$b3gico/oss-cad-suite-linux-x64-20230210/oss-cad-suite/lib/../share/yosys/gowin/cells_sim.v:194$217'.
  created $dff cell `$procdff$363' with positive edge clock.
Creating register for signal `\DFF.\Q' using process `\DFF.$proc$/home/julian/Documents/TEC/Dise$c3$b1o_L$c3$b3gico/oss-cad-suite-linux-x64-20230210/oss-cad-suite/lib/../share/yosys/gowin/cells_sim.v:179$215'.
  created $dff cell `$procdff$364' with positive edge clock.

4.3.10. Executing PROC_MEMWR pass (convert process memory writes to cells).

4.3.11. Executing PROC_CLEAN pass (remove empty switches from decision trees).
Removing empty process `ALU.$proc$/home/julian/Documents/TEC/Dise$c3$b1o_L$c3$b3gico/oss-cad-suite-linux-x64-20230210/oss-cad-suite/lib/../share/yosys/gowin/cells_sim.v:661$257'.
Removing empty process `DFFNCE.$proc$/home/julian/Documents/TEC/Dise$c3$b1o_L$c3$b3gico/oss-cad-suite-linux-x64-20230210/oss-cad-suite/lib/../share/yosys/gowin/cells_sim.v:0$254'.
Found and cleaned up 1 empty switch in `\DFFNCE.$proc$/home/julian/Documents/TEC/Dise$c3$b1o_L$c3$b3gico/oss-cad-suite-linux-x64-20230210/oss-cad-suite/lib/../share/yosys/gowin/cells_sim.v:535$253'.
Removing empty process `DFFNCE.$proc$/home/julian/Documents/TEC/Dise$c3$b1o_L$c3$b3gico/oss-cad-suite-linux-x64-20230210/oss-cad-suite/lib/../share/yosys/gowin/cells_sim.v:535$253'.
Removing empty process `DFFNC.$proc$/home/julian/Documents/TEC/Dise$c3$b1o_L$c3$b3gico/oss-cad-suite-linux-x64-20230210/oss-cad-suite/lib/../share/yosys/gowin/cells_sim.v:0$252'.
Removing empty process `DFFNC.$proc$/home/julian/Documents/TEC/Dise$c3$b1o_L$c3$b3gico/oss-cad-suite-linux-x64-20230210/oss-cad-suite/lib/../share/yosys/gowin/cells_sim.v:515$251'.
Removing empty process `DFFNPE.$proc$/home/julian/Documents/TEC/Dise$c3$b1o_L$c3$b3gico/oss-cad-suite-linux-x64-20230210/oss-cad-suite/lib/../share/yosys/gowin/cells_sim.v:0$250'.
Found and cleaned up 1 empty switch in `\DFFNPE.$proc$/home/julian/Documents/TEC/Dise$c3$b1o_L$c3$b3gico/oss-cad-suite-linux-x64-20230210/oss-cad-suite/lib/../share/yosys/gowin/cells_sim.v:496$249'.
Removing empty process `DFFNPE.$proc$/home/julian/Documents/TEC/Dise$c3$b1o_L$c3$b3gico/oss-cad-suite-linux-x64-20230210/oss-cad-suite/lib/../share/yosys/gowin/cells_sim.v:496$249'.
Removing empty process `DFFNP.$proc$/home/julian/Documents/TEC/Dise$c3$b1o_L$c3$b3gico/oss-cad-suite-linux-x64-20230210/oss-cad-suite/lib/../share/yosys/gowin/cells_sim.v:0$248'.
Removing empty process `DFFNP.$proc$/home/julian/Documents/TEC/Dise$c3$b1o_L$c3$b3gico/oss-cad-suite-linux-x64-20230210/oss-cad-suite/lib/../share/yosys/gowin/cells_sim.v:476$247'.
Removing empty process `DFFNRE.$proc$/home/julian/Documents/TEC/Dise$c3$b1o_L$c3$b3gico/oss-cad-suite-linux-x64-20230210/oss-cad-suite/lib/../share/yosys/gowin/cells_sim.v:0$246'.
Found and cleaned up 2 empty switches in `\DFFNRE.$proc$/home/julian/Documents/TEC/Dise$c3$b1o_L$c3$b3gico/oss-cad-suite-linux-x64-20230210/oss-cad-suite/lib/../share/yosys/gowin/cells_sim.v:457$245'.
Removing empty process `DFFNRE.$proc$/home/julian/Documents/TEC/Dise$c3$b1o_L$c3$b3gico/oss-cad-suite-linux-x64-20230210/oss-cad-suite/lib/../share/yosys/gowin/cells_sim.v:457$245'.
Removing empty process `DFFNR.$proc$/home/julian/Documents/TEC/Dise$c3$b1o_L$c3$b3gico/oss-cad-suite-linux-x64-20230210/oss-cad-suite/lib/../share/yosys/gowin/cells_sim.v:0$244'.
Found and cleaned up 1 empty switch in `\DFFNR.$proc$/home/julian/Documents/TEC/Dise$c3$b1o_L$c3$b3gico/oss-cad-suite-linux-x64-20230210/oss-cad-suite/lib/../share/yosys/gowin/cells_sim.v:437$243'.
Removing empty process `DFFNR.$proc$/home/julian/Documents/TEC/Dise$c3$b1o_L$c3$b3gico/oss-cad-suite-linux-x64-20230210/oss-cad-suite/lib/../share/yosys/gowin/cells_sim.v:437$243'.
Removing empty process `DFFNSE.$proc$/home/julian/Documents/TEC/Dise$c3$b1o_L$c3$b3gico/oss-cad-suite-linux-x64-20230210/oss-cad-suite/lib/../share/yosys/gowin/cells_sim.v:0$242'.
Found and cleaned up 2 empty switches in `\DFFNSE.$proc$/home/julian/Documents/TEC/Dise$c3$b1o_L$c3$b3gico/oss-cad-suite-linux-x64-20230210/oss-cad-suite/lib/../share/yosys/gowin/cells_sim.v:418$241'.
Removing empty process `DFFNSE.$proc$/home/julian/Documents/TEC/Dise$c3$b1o_L$c3$b3gico/oss-cad-suite-linux-x64-20230210/oss-cad-suite/lib/../share/yosys/gowin/cells_sim.v:418$241'.
Removing empty process `DFFNS.$proc$/home/julian/Documents/TEC/Dise$c3$b1o_L$c3$b3gico/oss-cad-suite-linux-x64-20230210/oss-cad-suite/lib/../share/yosys/gowin/cells_sim.v:0$240'.
Found and cleaned up 1 empty switch in `\DFFNS.$proc$/home/julian/Documents/TEC/Dise$c3$b1o_L$c3$b3gico/oss-cad-suite-linux-x64-20230210/oss-cad-suite/lib/../share/yosys/gowin/cells_sim.v:398$239'.
Removing empty process `DFFNS.$proc$/home/julian/Documents/TEC/Dise$c3$b1o_L$c3$b3gico/oss-cad-suite-linux-x64-20230210/oss-cad-suite/lib/../share/yosys/gowin/cells_sim.v:398$239'.
Removing empty process `DFFNE.$proc$/home/julian/Documents/TEC/Dise$c3$b1o_L$c3$b3gico/oss-cad-suite-linux-x64-20230210/oss-cad-suite/lib/../share/yosys/gowin/cells_sim.v:0$238'.
Found and cleaned up 1 empty switch in `\DFFNE.$proc$/home/julian/Documents/TEC/Dise$c3$b1o_L$c3$b3gico/oss-cad-suite-linux-x64-20230210/oss-cad-suite/lib/../share/yosys/gowin/cells_sim.v:381$237'.
Removing empty process `DFFNE.$proc$/home/julian/Documents/TEC/Dise$c3$b1o_L$c3$b3gico/oss-cad-suite-linux-x64-20230210/oss-cad-suite/lib/../share/yosys/gowin/cells_sim.v:381$237'.
Removing empty process `DFFN.$proc$/home/julian/Documents/TEC/Dise$c3$b1o_L$c3$b3gico/oss-cad-suite-linux-x64-20230210/oss-cad-suite/lib/../share/yosys/gowin/cells_sim.v:0$236'.
Removing empty process `DFFN.$proc$/home/julian/Documents/TEC/Dise$c3$b1o_L$c3$b3gico/oss-cad-suite-linux-x64-20230210/oss-cad-suite/lib/../share/yosys/gowin/cells_sim.v:366$235'.
Removing empty process `DFFCE.$proc$/home/julian/Documents/TEC/Dise$c3$b1o_L$c3$b3gico/oss-cad-suite-linux-x64-20230210/oss-cad-suite/lib/../share/yosys/gowin/cells_sim.v:0$234'.
Found and cleaned up 1 empty switch in `\DFFCE.$proc$/home/julian/Documents/TEC/Dise$c3$b1o_L$c3$b3gico/oss-cad-suite-linux-x64-20230210/oss-cad-suite/lib/../share/yosys/gowin/cells_sim.v:348$233'.
Removing empty process `DFFCE.$proc$/home/julian/Documents/TEC/Dise$c3$b1o_L$c3$b3gico/oss-cad-suite-linux-x64-20230210/oss-cad-suite/lib/../share/yosys/gowin/cells_sim.v:348$233'.
Removing empty process `DFFC.$proc$/home/julian/Documents/TEC/Dise$c3$b1o_L$c3$b3gico/oss-cad-suite-linux-x64-20230210/oss-cad-suite/lib/../share/yosys/gowin/cells_sim.v:0$232'.
Removing empty process `DFFC.$proc$/home/julian/Documents/TEC/Dise$c3$b1o_L$c3$b3gico/oss-cad-suite-linux-x64-20230210/oss-cad-suite/lib/../share/yosys/gowin/cells_sim.v:328$231'.
Removing empty process `DFFPE.$proc$/home/julian/Documents/TEC/Dise$c3$b1o_L$c3$b3gico/oss-cad-suite-linux-x64-20230210/oss-cad-suite/lib/../share/yosys/gowin/cells_sim.v:0$230'.
Found and cleaned up 1 empty switch in `\DFFPE.$proc$/home/julian/Documents/TEC/Dise$c3$b1o_L$c3$b3gico/oss-cad-suite-linux-x64-20230210/oss-cad-suite/lib/../share/yosys/gowin/cells_sim.v:309$229'.
Removing empty process `DFFPE.$proc$/home/julian/Documents/TEC/Dise$c3$b1o_L$c3$b3gico/oss-cad-suite-linux-x64-20230210/oss-cad-suite/lib/../share/yosys/gowin/cells_sim.v:309$229'.
Removing empty process `DFFP.$proc$/home/julian/Documents/TEC/Dise$c3$b1o_L$c3$b3gico/oss-cad-suite-linux-x64-20230210/oss-cad-suite/lib/../share/yosys/gowin/cells_sim.v:0$228'.
Removing empty process `DFFP.$proc$/home/julian/Documents/TEC/Dise$c3$b1o_L$c3$b3gico/oss-cad-suite-linux-x64-20230210/oss-cad-suite/lib/../share/yosys/gowin/cells_sim.v:289$227'.
Removing empty process `DFFRE.$proc$/home/julian/Documents/TEC/Dise$c3$b1o_L$c3$b3gico/oss-cad-suite-linux-x64-20230210/oss-cad-suite/lib/../share/yosys/gowin/cells_sim.v:0$226'.
Found and cleaned up 2 empty switches in `\DFFRE.$proc$/home/julian/Documents/TEC/Dise$c3$b1o_L$c3$b3gico/oss-cad-suite-linux-x64-20230210/oss-cad-suite/lib/../share/yosys/gowin/cells_sim.v:270$225'.
Removing empty process `DFFRE.$proc$/home/julian/Documents/TEC/Dise$c3$b1o_L$c3$b3gico/oss-cad-suite-linux-x64-20230210/oss-cad-suite/lib/../share/yosys/gowin/cells_sim.v:270$225'.
Removing empty process `DFFR.$proc$/home/julian/Documents/TEC/Dise$c3$b1o_L$c3$b3gico/oss-cad-suite-linux-x64-20230210/oss-cad-suite/lib/../share/yosys/gowin/cells_sim.v:0$224'.
Found and cleaned up 1 empty switch in `\DFFR.$proc$/home/julian/Documents/TEC/Dise$c3$b1o_L$c3$b3gico/oss-cad-suite-linux-x64-20230210/oss-cad-suite/lib/../share/yosys/gowin/cells_sim.v:250$223'.
Removing empty process `DFFR.$proc$/home/julian/Documents/TEC/Dise$c3$b1o_L$c3$b3gico/oss-cad-suite-linux-x64-20230210/oss-cad-suite/lib/../share/yosys/gowin/cells_sim.v:250$223'.
Removing empty process `DFFSE.$proc$/home/julian/Documents/TEC/Dise$c3$b1o_L$c3$b3gico/oss-cad-suite-linux-x64-20230210/oss-cad-suite/lib/../share/yosys/gowin/cells_sim.v:0$222'.
Found and cleaned up 2 empty switches in `\DFFSE.$proc$/home/julian/Documents/TEC/Dise$c3$b1o_L$c3$b3gico/oss-cad-suite-linux-x64-20230210/oss-cad-suite/lib/../share/yosys/gowin/cells_sim.v:231$221'.
Removing empty process `DFFSE.$proc$/home/julian/Documents/TEC/Dise$c3$b1o_L$c3$b3gico/oss-cad-suite-linux-x64-20230210/oss-cad-suite/lib/../share/yosys/gowin/cells_sim.v:231$221'.
Removing empty process `DFFS.$proc$/home/julian/Documents/TEC/Dise$c3$b1o_L$c3$b3gico/oss-cad-suite-linux-x64-20230210/oss-cad-suite/lib/../share/yosys/gowin/cells_sim.v:0$220'.
Found and cleaned up 1 empty switch in `\DFFS.$proc$/home/julian/Documents/TEC/Dise$c3$b1o_L$c3$b3gico/oss-cad-suite-linux-x64-20230210/oss-cad-suite/lib/../share/yosys/gowin/cells_sim.v:211$219'.
Removing empty process `DFFS.$proc$/home/julian/Documents/TEC/Dise$c3$b1o_L$c3$b3gico/oss-cad-suite-linux-x64-20230210/oss-cad-suite/lib/../share/yosys/gowin/cells_sim.v:211$219'.
Removing empty process `DFFE.$proc$/home/julian/Documents/TEC/Dise$c3$b1o_L$c3$b3gico/oss-cad-suite-linux-x64-20230210/oss-cad-suite/lib/../share/yosys/gowin/cells_sim.v:0$218'.
Found and cleaned up 1 empty switch in `\DFFE.$proc$/home/julian/Documents/TEC/Dise$c3$b1o_L$c3$b3gico/oss-cad-suite-linux-x64-20230210/oss-cad-suite/lib/../share/yosys/gowin/cells_sim.v:194$217'.
Removing empty process `DFFE.$proc$/home/julian/Documents/TEC/Dise$c3$b1o_L$c3$b3gico/oss-cad-suite-linux-x64-20230210/oss-cad-suite/lib/../share/yosys/gowin/cells_sim.v:194$217'.
Removing empty process `DFF.$proc$/home/julian/Documents/TEC/Dise$c3$b1o_L$c3$b3gico/oss-cad-suite-linux-x64-20230210/oss-cad-suite/lib/../share/yosys/gowin/cells_sim.v:0$216'.
Removing empty process `DFF.$proc$/home/julian/Documents/TEC/Dise$c3$b1o_L$c3$b3gico/oss-cad-suite-linux-x64-20230210/oss-cad-suite/lib/../share/yosys/gowin/cells_sim.v:179$215'.
Cleaned up 18 empty switches.

4.3.12. Executing OPT_EXPR pass (perform const folding).
Optimizing module receptor.
Optimizing module decodificador.
Optimizing module corrector.
<suppressed ~1 debug messages>

4.4. Executing FLATTEN pass (flatten design).
Deleting now unused module decodificador.
Deleting now unused module corrector.
<suppressed ~2 debug messages>

4.5. Executing TRIBUF pass.

4.6. Executing DEMINOUT pass (demote inout ports to input or output).

4.7. Executing SYNTH pass.

4.7.1. Executing PROC pass (convert processes to netlists).

4.7.1.1. Executing PROC_CLEAN pass (remove empty switches from decision trees).
Cleaned up 0 empty switches.

4.7.1.2. Executing PROC_RMDEAD pass (remove dead branches from decision trees).
Removed a total of 0 dead cases.

4.7.1.3. Executing PROC_PRUNE pass (remove redundant assignments in processes).
Removed 0 redundant assignments.
Promoted 0 assignments to connections.

4.7.1.4. Executing PROC_INIT pass (extract init attributes).

4.7.1.5. Executing PROC_ARST pass (detect async resets in processes).

4.7.1.6. Executing PROC_ROM pass (convert switches to ROMs).
Converted 0 switches.

4.7.1.7. Executing PROC_MUX pass (convert decision trees to multiplexers).

4.7.1.8. Executing PROC_DLATCH pass (convert process syncs to latches).

4.7.1.9. Executing PROC_DFF pass (convert process syncs to FFs).

4.7.1.10. Executing PROC_MEMWR pass (convert process memory writes to cells).

4.7.1.11. Executing PROC_CLEAN pass (remove empty switches from decision trees).
Cleaned up 0 empty switches.

4.7.1.12. Executing OPT_EXPR pass (perform const folding).
Optimizing module receptor.

4.7.2. Executing OPT_EXPR pass (perform const folding).
Optimizing module receptor.

4.7.3. Executing OPT_CLEAN pass (remove unused cells and wires).
Finding unused cells or wires in module \receptor..
Removed 9 unused cells and 17 unused wires.
<suppressed ~10 debug messages>

4.7.4. Executing CHECK pass (checking for obvious problems).
Checking module receptor...
Found and reported 0 problems.

4.7.5. Executing OPT pass (performing simple optimizations).

4.7.5.1. Executing OPT_EXPR pass (perform const folding).
Optimizing module receptor.

4.7.5.2. Executing OPT_MERGE pass (detect identical cells).
Finding identical cells in module `\receptor'.
Removed a total of 0 cells.

4.7.5.3. Executing OPT_MUXTREE pass (detect dead branches in mux trees).
Running muxtree optimizer on module \receptor..
  Creating internal representation of mux trees.
  Evaluating internal representation of mux trees.
  Analyzing evaluation results.
Removed 0 multiplexer ports.
<suppressed ~4 debug messages>

4.7.5.4. Executing OPT_REDUCE pass (consolidate $*mux and $reduce_* inputs).
  Optimizing cells in module \receptor.
Performed a total of 0 changes.

4.7.5.5. Executing OPT_MERGE pass (detect identical cells).
Finding identical cells in module `\receptor'.
Removed a total of 0 cells.

4.7.5.6. Executing OPT_DFF pass (perform DFF optimizations).

4.7.5.7. Executing OPT_CLEAN pass (remove unused cells and wires).
Finding unused cells or wires in module \receptor..

4.7.5.8. Executing OPT_EXPR pass (perform const folding).
Optimizing module receptor.

4.7.5.9. Finished OPT passes. (There is nothing left to do.)

4.7.6. Executing FSM pass (extract and optimize FSM).

4.7.6.1. Executing FSM_DETECT pass (finding FSMs in design).

4.7.6.2. Executing FSM_EXTRACT pass (extracting FSM from design).

4.7.6.3. Executing FSM_OPT pass (simple optimizations of FSMs).

4.7.6.4. Executing OPT_CLEAN pass (remove unused cells and wires).
Finding unused cells or wires in module \receptor..

4.7.6.5. Executing FSM_OPT pass (simple optimizations of FSMs).

4.7.6.6. Executing FSM_RECODE pass (re-assigning FSM state encoding).

4.7.6.7. Executing FSM_INFO pass (dumping all available information on FSM cells).

4.7.6.8. Executing FSM_MAP pass (mapping FSMs to basic logic).

4.7.7. Executing OPT pass (performing simple optimizations).

4.7.7.1. Executing OPT_EXPR pass (perform const folding).
Optimizing module receptor.

4.7.7.2. Executing OPT_MERGE pass (detect identical cells).
Finding identical cells in module `\receptor'.
Removed a total of 0 cells.

4.7.7.3. Executing OPT_MUXTREE pass (detect dead branches in mux trees).
Running muxtree optimizer on module \receptor..
  Creating internal representation of mux trees.
  Evaluating internal representation of mux trees.
  Analyzing evaluation results.
Removed 0 multiplexer ports.
<suppressed ~4 debug messages>

4.7.7.4. Executing OPT_REDUCE pass (consolidate $*mux and $reduce_* inputs).
  Optimizing cells in module \receptor.
Performed a total of 0 changes.

4.7.7.5. Executing OPT_MERGE pass (detect identical cells).
Finding identical cells in module `\receptor'.
Removed a total of 0 cells.

4.7.7.6. Executing OPT_DFF pass (perform DFF optimizations).

4.7.7.7. Executing OPT_CLEAN pass (remove unused cells and wires).
Finding unused cells or wires in module \receptor..

4.7.7.8. Executing OPT_EXPR pass (perform const folding).
Optimizing module receptor.

4.7.7.9. Finished OPT passes. (There is nothing left to do.)

4.7.8. Executing WREDUCE pass (reducing word size of cells).
Removed top 2 bits (of 3) from port B of cell receptor.$flatten\dec.$sub$../design/decodificador.sv:23$31 ($sub).
Removed top 1 bits (of 3) from port B of cell receptor.$flatten\cor.$eq$../design/corrector.sv:19$7 ($eq).

4.7.9. Executing PEEPOPT pass (run peephole optimizers).

4.7.10. Executing OPT_CLEAN pass (remove unused cells and wires).
Finding unused cells or wires in module \receptor..

4.7.11. Executing ALUMACC pass (create $alu and $macc cells).
Extracting $alu and $macc cells in module receptor:
  creating $macc model for $flatten\dec.$sub$../design/decodificador.sv:23$31 ($sub).
  creating $alu model for $macc $flatten\dec.$sub$../design/decodificador.sv:23$31.
  creating $alu cell for $flatten\dec.$sub$../design/decodificador.sv:23$31: $auto$alumacc.cc:485:replace_alu$365
  created 1 $alu and 0 $macc cells.

4.7.12. Executing SHARE pass (SAT-based resource sharing).

4.7.13. Executing OPT pass (performing simple optimizations).

4.7.13.1. Executing OPT_EXPR pass (perform const folding).
Optimizing module receptor.

4.7.13.2. Executing OPT_MERGE pass (detect identical cells).
Finding identical cells in module `\receptor'.
Removed a total of 0 cells.

4.7.13.3. Executing OPT_MUXTREE pass (detect dead branches in mux trees).
Running muxtree optimizer on module \receptor..
  Creating internal representation of mux trees.
  Evaluating internal representation of mux trees.
  Analyzing evaluation results.
Removed 0 multiplexer ports.
<suppressed ~4 debug messages>

4.7.13.4. Executing OPT_REDUCE pass (consolidate $*mux and $reduce_* inputs).
  Optimizing cells in module \receptor.
Performed a total of 0 changes.

4.7.13.5. Executing OPT_MERGE pass (detect identical cells).
Finding identical cells in module `\receptor'.
Removed a total of 0 cells.

4.7.13.6. Executing OPT_DFF pass (perform DFF optimizations).

4.7.13.7. Executing OPT_CLEAN pass (remove unused cells and wires).
Finding unused cells or wires in module \receptor..

4.7.13.8. Executing OPT_EXPR pass (perform const folding).
Optimizing module receptor.

4.7.13.9. Finished OPT passes. (There is nothing left to do.)

4.7.14. Executing MEMORY pass.

4.7.14.1. Executing OPT_MEM pass (optimize memories).
Performed a total of 0 transformations.

4.7.14.2. Executing OPT_MEM_PRIORITY pass (removing unnecessary memory write priority relations).
Performed a total of 0 transformations.

4.7.14.3. Executing OPT_MEM_FEEDBACK pass (finding memory read-to-write feedback paths).

4.7.14.4. Executing MEMORY_BMUX2ROM pass (converting muxes to ROMs).

4.7.14.5. Executing MEMORY_DFF pass (merging $dff cells to $memrd).

4.7.14.6. Executing OPT_CLEAN pass (remove unused cells and wires).
Finding unused cells or wires in module \receptor..

4.7.14.7. Executing MEMORY_SHARE pass (consolidating $memrd/$memwr cells).

4.7.14.8. Executing OPT_MEM_WIDEN pass (optimize memories where all ports are wide).
Performed a total of 0 transformations.

4.7.14.9. Executing OPT_CLEAN pass (remove unused cells and wires).
Finding unused cells or wires in module \receptor..

4.7.14.10. Executing MEMORY_COLLECT pass (generating $mem cells).

4.7.15. Executing OPT_CLEAN pass (remove unused cells and wires).
Finding unused cells or wires in module \receptor..

4.8. Executing MEMORY_LIBMAP pass (mapping memories to cells).

4.9. Executing TECHMAP pass (map to technology primitives).

4.9.1. Executing Verilog-2005 frontend: /home/julian/Documents/TEC/Diseño_Lógico/oss-cad-suite-linux-x64-20230210/oss-cad-suite/lib/../share/yosys/gowin/lutrams_map.v
Parsing Verilog input from `/home/julian/Documents/TEC/Diseño_Lógico/oss-cad-suite-linux-x64-20230210/oss-cad-suite/lib/../share/yosys/gowin/lutrams_map.v' to AST representation.
Generating RTLIL representation for module `\$__GOWIN_LUTRAM_'.
Successfully finished Verilog frontend.

4.9.2. Executing Verilog-2005 frontend: /home/julian/Documents/TEC/Diseño_Lógico/oss-cad-suite-linux-x64-20230210/oss-cad-suite/lib/../share/yosys/gowin/brams_map.v
Parsing Verilog input from `/home/julian/Documents/TEC/Diseño_Lógico/oss-cad-suite-linux-x64-20230210/oss-cad-suite/lib/../share/yosys/gowin/brams_map.v' to AST representation.
Generating RTLIL representation for module `\$__GOWIN_SP_'.
Generating RTLIL representation for module `\$__GOWIN_DP_'.
Generating RTLIL representation for module `\$__GOWIN_SDP_'.
Successfully finished Verilog frontend.

4.9.3. Continuing TECHMAP pass.
No more expansions possible.
<suppressed ~6 debug messages>

4.10. Executing OPT pass (performing simple optimizations).

4.10.1. Executing OPT_EXPR pass (perform const folding).
Optimizing module receptor.
<suppressed ~3 debug messages>

4.10.2. Executing OPT_MERGE pass (detect identical cells).
Finding identical cells in module `\receptor'.
Removed a total of 0 cells.

4.10.3. Executing OPT_DFF pass (perform DFF optimizations).

4.10.4. Executing OPT_CLEAN pass (remove unused cells and wires).
Finding unused cells or wires in module \receptor..

4.10.5. Finished fast OPT passes.

4.11. Executing MEMORY_MAP pass (converting memories to logic and flip-flops).

4.12. Executing OPT pass (performing simple optimizations).

4.12.1. Executing OPT_EXPR pass (perform const folding).
Optimizing module receptor.

4.12.2. Executing OPT_MERGE pass (detect identical cells).
Finding identical cells in module `\receptor'.
Removed a total of 0 cells.

4.12.3. Executing OPT_MUXTREE pass (detect dead branches in mux trees).
Running muxtree optimizer on module \receptor..
  Creating internal representation of mux trees.
  Evaluating internal representation of mux trees.
  Analyzing evaluation results.
Removed 0 multiplexer ports.
<suppressed ~4 debug messages>

4.12.4. Executing OPT_REDUCE pass (consolidate $*mux and $reduce_* inputs).
  Optimizing cells in module \receptor.
Performed a total of 0 changes.

4.12.5. Executing OPT_MERGE pass (detect identical cells).
Finding identical cells in module `\receptor'.
Removed a total of 0 cells.

4.12.6. Executing OPT_DFF pass (perform DFF optimizations).

4.12.7. Executing OPT_CLEAN pass (remove unused cells and wires).
Finding unused cells or wires in module \receptor..

4.12.8. Executing OPT_EXPR pass (perform const folding).
Optimizing module receptor.

4.12.9. Finished OPT passes. (There is nothing left to do.)

4.13. Executing TECHMAP pass (map to technology primitives).

4.13.1. Executing Verilog-2005 frontend: /home/julian/Documents/TEC/Diseño_Lógico/oss-cad-suite-linux-x64-20230210/oss-cad-suite/lib/../share/yosys/techmap.v
Parsing Verilog input from `/home/julian/Documents/TEC/Diseño_Lógico/oss-cad-suite-linux-x64-20230210/oss-cad-suite/lib/../share/yosys/techmap.v' to AST representation.
Generating RTLIL representation for module `\_90_simplemap_bool_ops'.
Generating RTLIL representation for module `\_90_simplemap_reduce_ops'.
Generating RTLIL representation for module `\_90_simplemap_logic_ops'.
Generating RTLIL representation for module `\_90_simplemap_compare_ops'.
Generating RTLIL representation for module `\_90_simplemap_various'.
Generating RTLIL representation for module `\_90_simplemap_registers'.
Generating RTLIL representation for module `\_90_shift_ops_shr_shl_sshl_sshr'.
Generating RTLIL representation for module `\_90_shift_shiftx'.
Generating RTLIL representation for module `\_90_fa'.
Generating RTLIL representation for module `\_90_lcu'.
Generating RTLIL representation for module `\_90_alu'.
Generating RTLIL representation for module `\_90_macc'.
Generating RTLIL representation for module `\_90_alumacc'.
Generating RTLIL representation for module `\$__div_mod_u'.
Generating RTLIL representation for module `\$__div_mod_trunc'.
Generating RTLIL representation for module `\_90_div'.
Generating RTLIL representation for module `\_90_mod'.
Generating RTLIL representation for module `\$__div_mod_floor'.
Generating RTLIL representation for module `\_90_divfloor'.
Generating RTLIL representation for module `\_90_modfloor'.
Generating RTLIL representation for module `\_90_pow'.
Generating RTLIL representation for module `\_90_pmux'.
Generating RTLIL representation for module `\_90_demux'.
Generating RTLIL representation for module `\_90_lut'.
Successfully finished Verilog frontend.

4.13.2. Executing Verilog-2005 frontend: /home/julian/Documents/TEC/Diseño_Lógico/oss-cad-suite-linux-x64-20230210/oss-cad-suite/lib/../share/yosys/gowin/arith_map.v
Parsing Verilog input from `/home/julian/Documents/TEC/Diseño_Lógico/oss-cad-suite-linux-x64-20230210/oss-cad-suite/lib/../share/yosys/gowin/arith_map.v' to AST representation.
Generating RTLIL representation for module `\_80_gw1n_alu'.
Successfully finished Verilog frontend.

4.13.3. Continuing TECHMAP pass.
Using extmapper simplemap for cells of type $xor.
Using template $paramod$b8c0a997bce700f23568a5ada79cc6781d1f5ca0\_80_gw1n_alu for cells of type $alu.
Using extmapper simplemap for cells of type $mux.
Using extmapper simplemap for cells of type $not.
Using extmapper simplemap for cells of type $eq.
Using extmapper simplemap for cells of type $pos.
No more expansions possible.
<suppressed ~120 debug messages>

4.14. Executing OPT pass (performing simple optimizations).

4.14.1. Executing OPT_EXPR pass (perform const folding).
Optimizing module receptor.
<suppressed ~22 debug messages>

4.14.2. Executing OPT_MERGE pass (detect identical cells).
Finding identical cells in module `\receptor'.
<suppressed ~12 debug messages>
Removed a total of 4 cells.

4.14.3. Executing OPT_DFF pass (perform DFF optimizations).

4.14.4. Executing OPT_CLEAN pass (remove unused cells and wires).
Finding unused cells or wires in module \receptor..
Removed 5 unused cells and 34 unused wires.
<suppressed ~6 debug messages>

4.14.5. Finished fast OPT passes.

4.15. Executing IOPADMAP pass (mapping inputs/outputs to IO-PAD cells).
Mapping port receptor.data using OBUF.
Mapping port receptor.err using OBUF.
Mapping port receptor.in using IBUF.
Mapping port receptor.raw using OBUF.

4.16. Executing OPT_CLEAN pass (remove unused cells and wires).
Finding unused cells or wires in module \receptor..
Removed 0 unused cells and 4 unused wires.
<suppressed ~1 debug messages>

4.17. Executing DFFLEGALIZE pass (convert FFs to types supported by the target).

4.18. Executing TECHMAP pass (map to technology primitives).

4.18.1. Executing Verilog-2005 frontend: /home/julian/Documents/TEC/Diseño_Lógico/oss-cad-suite-linux-x64-20230210/oss-cad-suite/lib/../share/yosys/gowin/cells_map.v
Parsing Verilog input from `/home/julian/Documents/TEC/Diseño_Lógico/oss-cad-suite-linux-x64-20230210/oss-cad-suite/lib/../share/yosys/gowin/cells_map.v' to AST representation.
Generating RTLIL representation for module `\$_DFF_N_'.
Generating RTLIL representation for module `\$_DFF_P_'.
Generating RTLIL representation for module `\$_DFFE_PP_'.
Generating RTLIL representation for module `\$_DFFE_NP_'.
Generating RTLIL representation for module `\$_SDFF_PP0_'.
Generating RTLIL representation for module `\$_SDFF_NP0_'.
Generating RTLIL representation for module `\$_SDFFE_PP0P_'.
Generating RTLIL representation for module `\$_SDFFE_NP0P_'.
Generating RTLIL representation for module `\$_SDFF_PP1_'.
Generating RTLIL representation for module `\$_SDFF_NP1_'.
Generating RTLIL representation for module `\$_SDFFE_PP1P_'.
Generating RTLIL representation for module `\$_SDFFE_NP1P_'.
Generating RTLIL representation for module `\$_DFF_PP1_'.
Generating RTLIL representation for module `\$_DFF_NP1_'.
Generating RTLIL representation for module `\$_DFF_PP0_'.
Generating RTLIL representation for module `\$_DFF_NP0_'.
Generating RTLIL representation for module `\$_DFFE_PP1P_'.
Generating RTLIL representation for module `\$_DFFE_NP1P_'.
Generating RTLIL representation for module `\$_DFFE_PP0P_'.
Generating RTLIL representation for module `\$_DFFE_NP0P_'.
Generating RTLIL representation for module `\$lut'.
Successfully finished Verilog frontend.

4.18.2. Continuing TECHMAP pass.
No more expansions possible.
<suppressed ~23 debug messages>

4.19. Executing OPT_EXPR pass (perform const folding).
Optimizing module receptor.

4.20. Executing SIMPLEMAP pass (map simple cells to gate primitives).

4.21. Executing ABC pass (technology mapping using ABC).

4.21.1. Extracting gate netlist of module `\receptor' to `<abc-temp-dir>/input.blif'..
Extracted 27 gates and 37 wires to a netlist network with 10 inputs and 7 outputs.

4.21.1.1. Executing ABC.
Running ABC command: "<yosys-exe-dir>/yosys-abc" -s -f <abc-temp-dir>/abc.script 2>&1
ABC: ABC command line: "source <abc-temp-dir>/abc.script".
ABC: 
ABC: + read_blif <abc-temp-dir>/input.blif 
ABC: + read_lut <abc-temp-dir>/lutdefs.txt 
ABC: + strash 
ABC: + &get -n 
ABC: + &fraig -x 
ABC: + &put 
ABC: + scorr 
ABC: Warning: The network is combinational (run "fraig" or "fraig_sweep").
ABC: + dc2 
ABC: + dretime 
ABC: + strash 
ABC: + dch -f 
ABC: + if 
ABC: + mfs2 
ABC: + write_blif <abc-temp-dir>/output.blif 

4.21.1.2. Re-integrating ABC results.
ABC RESULTS:              $lut cells:        7
ABC RESULTS:        internal signals:       20
ABC RESULTS:           input signals:       10
ABC RESULTS:          output signals:        7
Removing temp directory.
Removed 0 unused cells and 37 unused wires.

4.22. Executing TECHMAP pass (map to technology primitives).

4.22.1. Executing Verilog-2005 frontend: /home/julian/Documents/TEC/Diseño_Lógico/oss-cad-suite-linux-x64-20230210/oss-cad-suite/lib/../share/yosys/gowin/cells_map.v
Parsing Verilog input from `/home/julian/Documents/TEC/Diseño_Lógico/oss-cad-suite-linux-x64-20230210/oss-cad-suite/lib/../share/yosys/gowin/cells_map.v' to AST representation.
Generating RTLIL representation for module `\$_DFF_N_'.
Generating RTLIL representation for module `\$_DFF_P_'.
Generating RTLIL representation for module `\$_DFFE_PP_'.
Generating RTLIL representation for module `\$_DFFE_NP_'.
Generating RTLIL representation for module `\$_SDFF_PP0_'.
Generating RTLIL representation for module `\$_SDFF_NP0_'.
Generating RTLIL representation for module `\$_SDFFE_PP0P_'.
Generating RTLIL representation for module `\$_SDFFE_NP0P_'.
Generating RTLIL representation for module `\$_SDFF_PP1_'.
Generating RTLIL representation for module `\$_SDFF_NP1_'.
Generating RTLIL representation for module `\$_SDFFE_PP1P_'.
Generating RTLIL representation for module `\$_SDFFE_NP1P_'.
Generating RTLIL representation for module `\$_DFF_PP1_'.
Generating RTLIL representation for module `\$_DFF_NP1_'.
Generating RTLIL representation for module `\$_DFF_PP0_'.
Generating RTLIL representation for module `\$_DFF_NP0_'.
Generating RTLIL representation for module `\$_DFFE_PP1P_'.
Generating RTLIL representation for module `\$_DFFE_NP1P_'.
Generating RTLIL representation for module `\$_DFFE_PP0P_'.
Generating RTLIL representation for module `\$_DFFE_NP0P_'.
Generating RTLIL representation for module `\$lut'.
Successfully finished Verilog frontend.

4.22.2. Continuing TECHMAP pass.
Using template $paramod$bff35d97b07dddb273c72678bf847e2b78003681\$lut for cells of type $lut.
Using template $paramod$fd904e9e35cfd343a9df248824bd3f1408724879\$lut for cells of type $lut.
Using template $paramod$ef6f9494c41321ef63579b1462fd44bdf781fd1c\$lut for cells of type $lut.
No more expansions possible.
<suppressed ~69 debug messages>

4.23. Executing OPT_LUT_INS pass (discard unused LUT inputs).
Optimizing LUTs in receptor.

4.24. Executing SETUNDEF pass (replace undef values with defined constants).

4.25. Executing HILOMAP pass (mapping to constant drivers).
Removed 0 unused cells and 16 unused wires.

4.26. Executing AUTONAME pass.
Renamed 35 objects in module receptor (4 iterations).
<suppressed ~35 debug messages>

4.27. Executing HIERARCHY pass (managing design hierarchy).

4.27.1. Analyzing design hierarchy..
Top module:  \receptor

4.27.2. Analyzing design hierarchy..
Top module:  \receptor
Removed 0 unused modules.

4.28. Printing statistics.

=== receptor ===

   Number of wires:                 19
   Number of wire bits:             77
   Number of public wires:          19
   Number of public wire bits:      77
   Number of memories:               0
   Number of memory bits:            0
   Number of processes:              0
   Number of cells:                 33
     ALU                             3
     GND                             1
     IBUF                            7
     LUT4                            7
     OBUF                           14
     VCC                             1

4.29. Executing CHECK pass (checking for obvious problems).
Checking module receptor...
Found and reported 0 problems.

4.30. Executing JSON backend.

End of script. Logfile hash: 72736fab11, CPU: user 0.26s system 0.02s, MEM: 23.07 MB peak
Yosys 0.26+1 (git sha1 b1a011138, clang 10.0.0-4ubuntu1 -fPIC -Os)
Time spent: 41% 12x read_verilog (0 sec), 20% 1x abc (0 sec), ...
